빌드 시작: 2015-06-01 오후 9:07:40
     1>2 노드의 "J:\플밍\HinenEngine\HinenEngine.vcxproj" 프로젝트(build 대상)입니다.
       프로젝트 파일에 이 버전의 MSBuild에서 지원되지 않는 ToolsVersion="12.0"이(가) 들어 있습니다. 프로젝트에 ToolsVersion="4.0"이 들어 있는 것으로 간주합니다.
     1>InitializeBuildStatus:
         "AlwaysCreate"이(가) 지정되었기 때문에 "Debug\HinenEngine.unsuccessfulbuild"을(를) 만들고 있습니다.
       ClCompile:
         C:\Program Files\Microsoft Visual Studio 10.0\VC\bin\CL.exe /c /I.\Class /I.\Core /I.\Main /Zi /nologo /W3 /WX- /Od /Oy- /D WIN32 /D _DEBUG /D _WINDOWS /D _MBCS /Gm /EHsc /RTC1 /MTd /GS /fp:precise /Zc:wchar_t /Zc:forScope /Fo"Debug\\" /Fd"Debug\vc100.pdb" /Gd /TP /analyze- /errorReport:prompt Class\S_Game.cpp
         S_Game.cpp
     1>Class\S_Game.cpp(29): warning C4244: '인수' : 'int'에서 'FLOAT'(으)로 변환하면서 데이터가 손실될 수 있습니다.
     1>Class\S_Game.cpp(29): warning C4244: '인수' : 'int'에서 'FLOAT'(으)로 변환하면서 데이터가 손실될 수 있습니다.
     1>Class\S_Game.cpp(30): warning C4244: '인수' : 'int'에서 'FLOAT'(으)로 변환하면서 데이터가 손실될 수 있습니다.
     1>Class\S_Game.cpp(30): warning C4244: '인수' : 'int'에서 'FLOAT'(으)로 변환하면서 데이터가 손실될 수 있습니다.
     1>Class\S_Game.cpp(31): warning C4244: '인수' : 'int'에서 'FLOAT'(으)로 변환하면서 데이터가 손실될 수 있습니다.
     1>Class\S_Game.cpp(31): warning C4244: '인수' : 'int'에서 'FLOAT'(으)로 변환하면서 데이터가 손실될 수 있습니다.
     1>Class\S_Game.cpp(32): warning C4244: '인수' : 'int'에서 'FLOAT'(으)로 변환하면서 데이터가 손실될 수 있습니다.
     1>Class\S_Game.cpp(32): warning C4244: '인수' : 'int'에서 'FLOAT'(으)로 변환하면서 데이터가 손실될 수 있습니다.
     1>Class\S_Game.cpp(33): warning C4244: '인수' : 'int'에서 'FLOAT'(으)로 변환하면서 데이터가 손실될 수 있습니다.
     1>Class\S_Game.cpp(33): warning C4244: '인수' : 'int'에서 'FLOAT'(으)로 변환하면서 데이터가 손실될 수 있습니다.
     1>Class\S_Game.cpp(82): warning C4018: '<' : signed 또는 unsigned가 일치하지 않습니다.
       Link:
         C:\Program Files\Microsoft Visual Studio 10.0\VC\bin\link.exe /ERRORREPORT:PROMPT /OUT:"J:\플밍\HinenEngine\Debug\HinenEngine.exe" /INCREMENTAL /NOLOGO kernel32.lib user32.lib gdi32.lib winspool.lib comdlg32.lib advapi32.lib shell32.lib ole32.lib oleaut32.lib uuid.lib odbc32.lib odbccp32.lib /MANIFEST /ManifestFile:"Debug\HinenEngine.exe.intermediate.manifest" /MANIFESTUAC:"level='asInvoker' uiAccess='false'" /DEBUG /PDB:"J:\플밍\HinenEngine\Debug\HinenEngine.pdb" /SUBSYSTEM:WINDOWS /TLBID:1 /DYNAMICBASE /NXCOMPAT /IMPLIB:"J:\플밍\HinenEngine\Debug\HinenEngine.lib" /MACHINE:X86 Debug\CBox.obj
         Debug\Ground.obj
         Debug\O_Char.obj
         Debug\PhysicsManager.obj
         Debug\RigidBody.obj
         Debug\S_Game.obj
         Debug\UpdateManager.obj
         Debug\CollisionManager.obj
         Debug\GameObject.obj
         Debug\GraphicManager.obj
         Debug\Object_Manger.obj
         Debug\Scene.obj
         Debug\SceneManager.obj
         Debug\SoundManager.obj
         Debug\System.obj
         Debug\TextureManager.obj
         Debug\Main.obj
         Debug\stdafx.obj
         HinenEngine.vcxproj -> J:\플밍\HinenEngine\Debug\HinenEngine.exe
       Manifest:
         C:\Program Files\Microsoft SDKs\Windows\v7.0A\bin\mt.exe /nologo /verbose /out:"J:\플밍\HinenEngine\Debug\HinenEngine.exe.manifest" /manifest Debug\HinenEngine.exe.intermediate.manifest
       FinalizeBuildStatus:
         "Debug\HinenEngine.unsuccessfulbuild" 파일을 삭제하고 있습니다.
         "Debug\HinenEngine.lastbuildstate"에 연결(touching)하고 있습니다.
     1>"J:\플밍\HinenEngine\HinenEngine.vcxproj" 프로젝트를 빌드했습니다(build 대상).

빌드했습니다.

경과 시간: 00:00:03.45
