j:\플밍\hinenengine\debug\cbox.obj
j:\플밍\hinenengine\debug\o_char.obj
j:\플밍\hinenengine\debug\physicsmanager.obj
j:\플밍\hinenengine\debug\rigidbody.obj
j:\플밍\hinenengine\debug\s_game.obj
j:\플밍\hinenengine\debug\updatemanager.obj
j:\플밍\hinenengine\debug\collisionmanager.obj
j:\플밍\hinenengine\debug\gameobject.obj
j:\플밍\hinenengine\debug\graphicmanager.obj
j:\플밍\hinenengine\debug\object_manger.obj
j:\플밍\hinenengine\debug\scene.obj
j:\플밍\hinenengine\debug\scenemanager.obj
j:\플밍\hinenengine\debug\soundmanager.obj
j:\플밍\hinenengine\debug\system.obj
j:\플밍\hinenengine\debug\texturemanager.obj
j:\플밍\hinenengine\debug\main.obj
j:\플밍\hinenengine\debug\stdafx.obj
j:\플밍\hinenengine\debug\vc100.pdb
j:\플밍\hinenengine\debug\hinenengine.ilk
j:\플밍\hinenengine\debug\hinenengine.exe
j:\플밍\hinenengine\debug\hinenengine.exe.intermediate.manifest
j:\플밍\hinenengine\debug\hinenengine.pdb
j:\플밍\hinenengine\debug\hinenengine.exe.embed.manifest
j:\플밍\hinenengine\debug\hinenengine.exe.embed.manifest.res
h:\플밍\hinenengine\debug\vc120.pdb
h:\플밍\hinenengine\debug\vc120.idb
h:\플밍\hinenengine\debug\cbox.obj
h:\플밍\hinenengine\debug\o_char.obj
h:\플밍\hinenengine\debug\physicsmanager.obj
h:\플밍\hinenengine\debug\rigidbody.obj
h:\플밍\hinenengine\debug\s_game.obj
h:\플밍\hinenengine\debug\updatemanager.obj
h:\플밍\hinenengine\debug\collisionmanager.obj
h:\플밍\hinenengine\debug\gameobject.obj
h:\플밍\hinenengine\debug\graphicmanager.obj
h:\플밍\hinenengine\debug\object_manger.obj
h:\플밍\hinenengine\debug\scene.obj
h:\플밍\hinenengine\debug\scenemanager.obj
h:\플밍\hinenengine\debug\soundmanager.obj
h:\플밍\hinenengine\debug\system.obj
h:\플밍\hinenengine\debug\texturemanager.obj
h:\플밍\hinenengine\debug\main.obj
h:\플밍\hinenengine\debug\stdafx.obj
h:\플밍\hinenengine\debug\cl.command.1.tlog
h:\플밍\hinenengine\debug\cl.read.1.tlog
h:\플밍\hinenengine\debug\cl.write.1.tlog
h:\플밍\hinenengine\debug\link-cvtres.read.1.tlog
h:\플밍\hinenengine\debug\link-cvtres.write.1.tlog
h:\플밍\hinenengine\debug\link.command.1.tlog
h:\플밍\hinenengine\debug\link.read.1.tlog
h:\플밍\hinenengine\debug\link.write.1.tlog
h:\플밍\hinenengine\debug\mt.command.1.tlog
h:\플밍\hinenengine\debug\mt.read.1.tlog
h:\플밍\hinenengine\debug\mt.write.1.tlog
h:\플밍\hinenengine\debug\rc.command.1.tlog
h:\플밍\hinenengine\debug\rc.read.1.tlog
h:\플밍\hinenengine\debug\rc.write.1.tlog
h:\플밍\hinenengine\debug\hinenengine.exe.embed.manifest
h:\플밍\hinenengine\debug\hinenengine.exe.intermediate.manifest
h:\플밍\hinenengine\debug\hinenengine.exe.embed.manifest.res
h:\플밍\hinenengine\debug\vc100.idb
h:\플밍\hinenengine\debug\hinenengine.pdb
h:\플밍\hinenengine\debug\vc100.pdb
h:\플밍\hinenengine\debug\hinenengine_manifest.rc
h:\플밍\hinenengine\debug\hinenengine.tlog\cl.command.1.tlog
h:\플밍\hinenengine\debug\hinenengine.tlog\cl.read.1.tlog
h:\플밍\hinenengine\debug\hinenengine.tlog\cl.write.1.tlog
h:\플밍\hinenengine\debug\hinenengine.tlog\link-cvtres.read.1.tlog
h:\플밍\hinenengine\debug\hinenengine.tlog\link-cvtres.write.1.tlog
h:\플밍\hinenengine\debug\hinenengine.tlog\link-rc.read.1.tlog
h:\플밍\hinenengine\debug\hinenengine.tlog\link-rc.write.1.tlog
h:\플밍\hinenengine\debug\hinenengine.tlog\link.command.1.tlog
h:\플밍\hinenengine\debug\hinenengine.tlog\link.read.1.tlog
h:\플밍\hinenengine\debug\hinenengine.tlog\link.write.1.tlog
